<?xml version="1.0" encoding="UTF-8"?>
<!-- Generated by org.testng.reporters.JUnitXMLReporter -->
<testsuite ignored="0" hostname="Admin-PC" failures="0" tests="6" name="Default test" time="13.248" errors="0" timestamp="2022-12-29T16:12:04 IST">
  <testcase classname="frameworkpackage.FrameWorkCreationClass" name="sampleForm" time="1.941"/>
  <testcase classname="frameworkpackage.FrameWorkCreationClass" name="sampleForm" time="0.004">
    <skipped/>
  </testcase> <!-- sampleForm -->
  <testcase classname="frameworkpackage.FrameWorkCreationClass" name="sampleForm" time="1.307"/>
  <testcase classname="frameworkpackage.FrameWorkCreationClass" name="sampleForm" time="0.998"/>
  <testcase classname="frameworkpackage.FrameWorkCreationClass" name="sampleForm" time="0.002">
    <skipped/>
  </testcase> <!-- sampleForm -->
  <testcase classname="frameworkpackage.FrameWorkCreationClass" name="sampleForm" time="0.984"/>
</testsuite> <!-- Default test -->
